Analysis & Synthesis report for simon_says
Fri Dec 15 12:56:47 2023
Quartus Prime Version 16.1.0 Build 196 10/24/2016 SJ Lite Edition


---------------------
; Table of Contents ;
---------------------
  1. Legal Notice
  2. Analysis & Synthesis Summary
  3. Analysis & Synthesis Settings
  4. Parallel Compilation
  5. Analysis & Synthesis Source Files Read
  6. Analysis & Synthesis Resource Usage Summary
  7. Analysis & Synthesis Resource Utilization by Entity
  8. State Machine - |simon_says|S
  9. State Machine - |simon_says|winLosePlaying
 10. Registers Removed During Synthesis
 11. General Register Statistics
 12. Inverted Register Statistics
 13. Multiplexer Restructuring Statistics (Restructuring Performed)
 14. Parameter Settings for User Entity Instance: Top-level Entity: |simon_says
 15. Port Connectivity Checks: "random_number_generator:rand"
 16. Post-Synthesis Netlist Statistics for Top Partition
 17. Elapsed Time Per Partition
 18. Analysis & Synthesis Messages
 19. Analysis & Synthesis Suppressed Messages



----------------
; Legal Notice ;
----------------
Copyright (C) 2016  Intel Corporation. All rights reserved.
Your use of Intel Corporation's design tools, logic functions 
and other software and tools, and its AMPP partner logic 
functions, and any output files from any of the foregoing 
(including device programming or simulation files), and any 
associated documentation or information are expressly subject 
to the terms and conditions of the Intel Program License 
Subscription Agreement, the Intel Quartus Prime License Agreement,
the Intel MegaCore Function License Agreement, or other 
applicable license agreement, including, without limitation, 
that your use is for the sole purpose of programming logic 
devices manufactured by Intel and sold by Intel or its 
authorized distributors.  Please refer to the applicable 
agreement for further details.



+----------------------------------------------------------------------------------+
; Analysis & Synthesis Summary                                                     ;
+------------------------------------+---------------------------------------------+
; Analysis & Synthesis Status        ; Successful - Fri Dec 15 12:56:47 2023       ;
; Quartus Prime Version              ; 16.1.0 Build 196 10/24/2016 SJ Lite Edition ;
; Revision Name                      ; simon_says                                  ;
; Top-level Entity Name              ; simon_says                                  ;
; Family                             ; Cyclone IV E                                ;
; Total logic elements               ; 432                                         ;
;     Total combinational functions  ; 390                                         ;
;     Dedicated logic registers      ; 259                                         ;
; Total registers                    ; 259                                         ;
; Total pins                         ; 55                                          ;
; Total virtual pins                 ; 0                                           ;
; Total memory bits                  ; 0                                           ;
; Embedded Multiplier 9-bit elements ; 0                                           ;
; Total PLLs                         ; 0                                           ;
+------------------------------------+---------------------------------------------+


+----------------------------------------------------------------------------------------------------------------------+
; Analysis & Synthesis Settings                                                                                        ;
+----------------------------------------------------------------------------+--------------------+--------------------+
; Option                                                                     ; Setting            ; Default Value      ;
+----------------------------------------------------------------------------+--------------------+--------------------+
; Device                                                                     ; EP4CE115F29C7      ;                    ;
; Top-level entity name                                                      ; simon_says         ; simon_says         ;
; Family name                                                                ; Cyclone IV E       ; Cyclone V          ;
; Use smart compilation                                                      ; Off                ; Off                ;
; Enable parallel Assembler and TimeQuest Timing Analyzer during compilation ; On                 ; On                 ;
; Enable compact report table                                                ; Off                ; Off                ;
; Restructure Multiplexers                                                   ; Auto               ; Auto               ;
; Create Debugging Nodes for IP Cores                                        ; Off                ; Off                ;
; Preserve fewer node names                                                  ; On                 ; On                 ;
; OpenCore Plus hardware evaluation                                          ; Enable             ; Enable             ;
; Verilog Version                                                            ; Verilog_2001       ; Verilog_2001       ;
; VHDL Version                                                               ; VHDL_1993          ; VHDL_1993          ;
; State Machine Processing                                                   ; Auto               ; Auto               ;
; Safe State Machine                                                         ; Off                ; Off                ;
; Extract Verilog State Machines                                             ; On                 ; On                 ;
; Extract VHDL State Machines                                                ; On                 ; On                 ;
; Ignore Verilog initial constructs                                          ; Off                ; Off                ;
; Iteration limit for constant Verilog loops                                 ; 5000               ; 5000               ;
; Iteration limit for non-constant Verilog loops                             ; 250                ; 250                ;
; Add Pass-Through Logic to Inferred RAMs                                    ; On                 ; On                 ;
; Infer RAMs from Raw Logic                                                  ; On                 ; On                 ;
; Parallel Synthesis                                                         ; On                 ; On                 ;
; DSP Block Balancing                                                        ; Auto               ; Auto               ;
; NOT Gate Push-Back                                                         ; On                 ; On                 ;
; Power-Up Don't Care                                                        ; On                 ; On                 ;
; Remove Redundant Logic Cells                                               ; Off                ; Off                ;
; Remove Duplicate Registers                                                 ; On                 ; On                 ;
; Ignore CARRY Buffers                                                       ; Off                ; Off                ;
; Ignore CASCADE Buffers                                                     ; Off                ; Off                ;
; Ignore GLOBAL Buffers                                                      ; Off                ; Off                ;
; Ignore ROW GLOBAL Buffers                                                  ; Off                ; Off                ;
; Ignore LCELL Buffers                                                       ; Off                ; Off                ;
; Ignore SOFT Buffers                                                        ; On                 ; On                 ;
; Limit AHDL Integers to 32 Bits                                             ; Off                ; Off                ;
; Optimization Technique                                                     ; Balanced           ; Balanced           ;
; Carry Chain Length                                                         ; 70                 ; 70                 ;
; Auto Carry Chains                                                          ; On                 ; On                 ;
; Auto Open-Drain Pins                                                       ; On                 ; On                 ;
; Perform WYSIWYG Primitive Resynthesis                                      ; Off                ; Off                ;
; Auto ROM Replacement                                                       ; On                 ; On                 ;
; Auto RAM Replacement                                                       ; On                 ; On                 ;
; Auto DSP Block Replacement                                                 ; On                 ; On                 ;
; Auto Shift Register Replacement                                            ; Auto               ; Auto               ;
; Allow Shift Register Merging across Hierarchies                            ; Auto               ; Auto               ;
; Auto Clock Enable Replacement                                              ; On                 ; On                 ;
; Strict RAM Replacement                                                     ; Off                ; Off                ;
; Allow Synchronous Control Signals                                          ; On                 ; On                 ;
; Force Use of Synchronous Clear Signals                                     ; Off                ; Off                ;
; Auto RAM Block Balancing                                                   ; On                 ; On                 ;
; Auto RAM to Logic Cell Conversion                                          ; Off                ; Off                ;
; Auto Resource Sharing                                                      ; Off                ; Off                ;
; Allow Any RAM Size For Recognition                                         ; Off                ; Off                ;
; Allow Any ROM Size For Recognition                                         ; Off                ; Off                ;
; Allow Any Shift Register Size For Recognition                              ; Off                ; Off                ;
; Use LogicLock Constraints during Resource Balancing                        ; On                 ; On                 ;
; Ignore translate_off and synthesis_off directives                          ; Off                ; Off                ;
; Timing-Driven Synthesis                                                    ; On                 ; On                 ;
; Report Parameter Settings                                                  ; On                 ; On                 ;
; Report Source Assignments                                                  ; On                 ; On                 ;
; Report Connectivity Checks                                                 ; On                 ; On                 ;
; Ignore Maximum Fan-Out Assignments                                         ; Off                ; Off                ;
; Synchronization Register Chain Length                                      ; 2                  ; 2                  ;
; PowerPlay Power Optimization During Synthesis                              ; Normal compilation ; Normal compilation ;
; HDL message level                                                          ; Level2             ; Level2             ;
; Suppress Register Optimization Related Messages                            ; Off                ; Off                ;
; Number of Removed Registers Reported in Synthesis Report                   ; 5000               ; 5000               ;
; Number of Swept Nodes Reported in Synthesis Report                         ; 5000               ; 5000               ;
; Number of Inverted Registers Reported in Synthesis Report                  ; 100                ; 100                ;
; Clock MUX Protection                                                       ; On                 ; On                 ;
; Auto Gated Clock Conversion                                                ; Off                ; Off                ;
; Block Design Naming                                                        ; Auto               ; Auto               ;
; SDC constraint protection                                                  ; Off                ; Off                ;
; Synthesis Effort                                                           ; Auto               ; Auto               ;
; Shift Register Replacement - Allow Asynchronous Clear Signal               ; On                 ; On                 ;
; Pre-Mapping Resynthesis Optimization                                       ; Off                ; Off                ;
; Analysis & Synthesis Message Level                                         ; Medium             ; Medium             ;
; Disable Register Merging Across Hierarchies                                ; Auto               ; Auto               ;
; Resource Aware Inference For Block RAM                                     ; On                 ; On                 ;
+----------------------------------------------------------------------------+--------------------+--------------------+


+------------------------------------------+
; Parallel Compilation                     ;
+----------------------------+-------------+
; Processors                 ; Number      ;
+----------------------------+-------------+
; Number detected on machine ; 8           ;
; Maximum allowed            ; 4           ;
;                            ;             ;
; Average used               ; 1.00        ;
; Maximum used               ; 4           ;
;                            ;             ;
; Usage by Processor         ; % Time Used ;
;     Processor 1            ; 100.0%      ;
;     Processor 2            ;   0.0%      ;
;     Processors 3-4         ;   0.0%      ;
+----------------------------+-------------+


+-----------------------------------------------------------------------------------------------------------------------------------------------------------------+
; Analysis & Synthesis Source Files Read                                                                                                                          ;
+----------------------------------+-----------------+------------------------+-------------------------------------------------------------------------+---------+
; File Name with User-Entered Path ; Used in Netlist ; File Type              ; File Name with Absolute Path                                            ; Library ;
+----------------------------------+-----------------+------------------------+-------------------------------------------------------------------------+---------+
; simon_says.v                     ; yes             ; User Verilog HDL File  ; M:/ECE 287/Final Project/finalized/simon_says/simon_says.v              ;         ;
; random_number_generator.v        ; yes             ; User Verilog HDL File  ; M:/ECE 287/Final Project/finalized/simon_says/random_number_generator.v ;         ;
; seven_segment.v                  ; yes             ; User Verilog HDL File  ; M:/ECE 287/Final Project/finalized/simon_says/seven_segment.v           ;         ;
+----------------------------------+-----------------+------------------------+-------------------------------------------------------------------------+---------+


+---------------------------------------------------------+
; Analysis & Synthesis Resource Usage Summary             ;
+---------------------------------------------+-----------+
; Resource                                    ; Usage     ;
+---------------------------------------------+-----------+
; Estimated Total logic elements              ; 432       ;
;                                             ;           ;
; Total combinational functions               ; 390       ;
; Logic element usage by number of LUT inputs ;           ;
;     -- 4 input functions                    ; 157       ;
;     -- 3 input functions                    ; 29        ;
;     -- <=2 input functions                  ; 204       ;
;                                             ;           ;
; Logic elements by mode                      ;           ;
;     -- normal mode                          ; 345       ;
;     -- arithmetic mode                      ; 45        ;
;                                             ;           ;
; Total registers                             ; 259       ;
;     -- Dedicated logic registers            ; 259       ;
;     -- I/O registers                        ; 0         ;
;                                             ;           ;
; I/O pins                                    ; 55        ;
;                                             ;           ;
; Embedded Multiplier 9-bit elements          ; 0         ;
;                                             ;           ;
; Maximum fan-out node                        ; clk~input ;
; Maximum fan-out                             ; 239       ;
; Total fan-out                               ; 2197      ;
; Average fan-out                             ; 2.89      ;
+---------------------------------------------+-----------+


+--------------------------------------------------------------------------------------------------------------------------------------------------------------------------------------------------------------------------------------------------+
; Analysis & Synthesis Resource Utilization by Entity                                                                                                                                                                                              ;
+-----------------------------------+---------------------+---------------------------+-------------+--------------+---------+-----------+------+--------------+------------------------------------------+-------------------------+--------------+
; Compilation Hierarchy Node        ; Combinational ALUTs ; Dedicated Logic Registers ; Memory Bits ; DSP Elements ; DSP 9x9 ; DSP 18x18 ; Pins ; Virtual Pins ; Full Hierarchy Name                      ; Entity Name             ; Library Name ;
+-----------------------------------+---------------------+---------------------------+-------------+--------------+---------+-----------+------+--------------+------------------------------------------+-------------------------+--------------+
; |simon_says                       ; 390 (256)           ; 259 (113)                 ; 0           ; 0            ; 0       ; 0         ; 55   ; 0            ; |simon_says                              ; simon_says              ; work         ;
;    |random_number_generator:rand| ; 127 (127)           ; 146 (146)                 ; 0           ; 0            ; 0       ; 0         ; 0    ; 0            ; |simon_says|random_number_generator:rand ; random_number_generator ; work         ;
;    |seven_segment:segmentDisplay| ; 7 (7)               ; 0 (0)                     ; 0           ; 0            ; 0       ; 0         ; 0    ; 0            ; |simon_says|seven_segment:segmentDisplay ; seven_segment           ; work         ;
+-----------------------------------+---------------------+---------------------------+-------------+--------------+---------+-----------+------+--------------+------------------------------------------+-------------------------+--------------+
Note: For table entries with two numbers listed, the numbers in parentheses indicate the number of resources of the given type used by the specific entity alone. The numbers listed outside of parentheses indicate the total resources of the given type used by the specific entity and all of its sub-entities in the hierarchy.


Encoding Type:  One-Hot
+----------------------------------------------------------------------------------------------------------------------------------------------------------------------------------------------------------------------------------------------------------+
; State Machine - |simon_says|S                                                                                                                                                                                                                            ;
+-------------------+---------+--------------+----------------+---------------+--------------+------------------+------------+-------------+---------------+---------+-----------+------------------+---------------+-------------------+--------+---------+
; Name              ; S.RESET ; S.ROUND_INCR ; S.COUNT_2_INCR ; S.GUESS_CHECK ; S.MAKE_GUESS ; S.FOR_COND_GUESS ; S.GUESSING ; S.DELAY_OFF ; S.DISPLAY_OFF ; S.DELAY ; S.DISPLAY ; S.FOR_COND_COUNT ; S.ROUND_BEGIN ; S.FOR_COND_ROUNDS ; S.INIT ; S.START ;
+-------------------+---------+--------------+----------------+---------------+--------------+------------------+------------+-------------+---------------+---------+-----------+------------------+---------------+-------------------+--------+---------+
; S.START           ; 0       ; 0            ; 0              ; 0             ; 0            ; 0                ; 0          ; 0           ; 0             ; 0       ; 0         ; 0                ; 0             ; 0                 ; 0      ; 0       ;
; S.INIT            ; 0       ; 0            ; 0              ; 0             ; 0            ; 0                ; 0          ; 0           ; 0             ; 0       ; 0         ; 0                ; 0             ; 0                 ; 1      ; 1       ;
; S.FOR_COND_ROUNDS ; 0       ; 0            ; 0              ; 0             ; 0            ; 0                ; 0          ; 0           ; 0             ; 0       ; 0         ; 0                ; 0             ; 1                 ; 0      ; 1       ;
; S.ROUND_BEGIN     ; 0       ; 0            ; 0              ; 0             ; 0            ; 0                ; 0          ; 0           ; 0             ; 0       ; 0         ; 0                ; 1             ; 0                 ; 0      ; 1       ;
; S.FOR_COND_COUNT  ; 0       ; 0            ; 0              ; 0             ; 0            ; 0                ; 0          ; 0           ; 0             ; 0       ; 0         ; 1                ; 0             ; 0                 ; 0      ; 1       ;
; S.DISPLAY         ; 0       ; 0            ; 0              ; 0             ; 0            ; 0                ; 0          ; 0           ; 0             ; 0       ; 1         ; 0                ; 0             ; 0                 ; 0      ; 1       ;
; S.DELAY           ; 0       ; 0            ; 0              ; 0             ; 0            ; 0                ; 0          ; 0           ; 0             ; 1       ; 0         ; 0                ; 0             ; 0                 ; 0      ; 1       ;
; S.DISPLAY_OFF     ; 0       ; 0            ; 0              ; 0             ; 0            ; 0                ; 0          ; 0           ; 1             ; 0       ; 0         ; 0                ; 0             ; 0                 ; 0      ; 1       ;
; S.DELAY_OFF       ; 0       ; 0            ; 0              ; 0             ; 0            ; 0                ; 0          ; 1           ; 0             ; 0       ; 0         ; 0                ; 0             ; 0                 ; 0      ; 1       ;
; S.GUESSING        ; 0       ; 0            ; 0              ; 0             ; 0            ; 0                ; 1          ; 0           ; 0             ; 0       ; 0         ; 0                ; 0             ; 0                 ; 0      ; 1       ;
; S.FOR_COND_GUESS  ; 0       ; 0            ; 0              ; 0             ; 0            ; 1                ; 0          ; 0           ; 0             ; 0       ; 0         ; 0                ; 0             ; 0                 ; 0      ; 1       ;
; S.MAKE_GUESS      ; 0       ; 0            ; 0              ; 0             ; 1            ; 0                ; 0          ; 0           ; 0             ; 0       ; 0         ; 0                ; 0             ; 0                 ; 0      ; 1       ;
; S.GUESS_CHECK     ; 0       ; 0            ; 0              ; 1             ; 0            ; 0                ; 0          ; 0           ; 0             ; 0       ; 0         ; 0                ; 0             ; 0                 ; 0      ; 1       ;
; S.COUNT_2_INCR    ; 0       ; 0            ; 1              ; 0             ; 0            ; 0                ; 0          ; 0           ; 0             ; 0       ; 0         ; 0                ; 0             ; 0                 ; 0      ; 1       ;
; S.ROUND_INCR      ; 0       ; 1            ; 0              ; 0             ; 0            ; 0                ; 0          ; 0           ; 0             ; 0       ; 0         ; 0                ; 0             ; 0                 ; 0      ; 1       ;
; S.RESET           ; 1       ; 0            ; 0              ; 0             ; 0            ; 0                ; 0          ; 0           ; 0             ; 0       ; 0         ; 0                ; 0             ; 0                 ; 0      ; 1       ;
+-------------------+---------+--------------+----------------+---------------+--------------+------------------+------------+-------------+---------------+---------+-----------+------------------+---------------+-------------------+--------+---------+


Encoding Type:  One-Hot
+-----------------------------------------------------------------------------------+
; State Machine - |simon_says|winLosePlaying                                        ;
+--------------------+--------------------+--------------------+--------------------+
; Name               ; winLosePlaying.000 ; winLosePlaying.010 ; winLosePlaying.001 ;
+--------------------+--------------------+--------------------+--------------------+
; winLosePlaying.000 ; 0                  ; 0                  ; 0                  ;
; winLosePlaying.001 ; 1                  ; 0                  ; 1                  ;
; winLosePlaying.010 ; 1                  ; 1                  ; 0                  ;
+--------------------+--------------------+--------------------+--------------------+


+---------------------------------------------------------------------------------+
; Registers Removed During Synthesis                                              ;
+----------------------------------------+----------------------------------------+
; Register name                          ; Reason for Removal                     ;
+----------------------------------------+----------------------------------------+
; difficulty_time[26,27]                 ; Stuck at GND due to stuck port data_in ;
; difficulty_time[19]                    ; Stuck at VCC due to stuck port data_in ;
; difficulty_time[0..4]                  ; Stuck at GND due to stuck port data_in ;
; difficulty_time[7]                     ; Merged with difficulty_time[25]        ;
; difficulty_time[24]                    ; Merged with difficulty_time[16]        ;
; difficulty_time[17,23]                 ; Merged with difficulty_time[15]        ;
; difficulty_time[22]                    ; Merged with difficulty_time[14]        ;
; difficulty_time[13,20,21]              ; Merged with difficulty_time[12]        ;
; difficulty_time[18]                    ; Merged with difficulty_time[11]        ;
; difficulty_time[5]                     ; Merged with difficulty_time[10]        ;
; difficulty_time[9]                     ; Merged with difficulty_time[8]         ;
; S~4                                    ; Lost fanout                            ;
; S~5                                    ; Lost fanout                            ;
; S~6                                    ; Lost fanout                            ;
; S~7                                    ; Lost fanout                            ;
; winLosePlaying~7                       ; Lost fanout                            ;
; winLosePlaying.001                     ; Lost fanout                            ;
; Total Number of Removed Registers = 25 ;                                        ;
+----------------------------------------+----------------------------------------+


+------------------------------------------------------+
; General Register Statistics                          ;
+----------------------------------------------+-------+
; Statistic                                    ; Value ;
+----------------------------------------------+-------+
; Total registers                              ; 259   ;
; Number of registers using Synchronous Clear  ; 48    ;
; Number of registers using Synchronous Load   ; 4     ;
; Number of registers using Asynchronous Clear ; 194   ;
; Number of registers using Asynchronous Load  ; 0     ;
; Number of registers using Clock Enable       ; 220   ;
; Number of registers using Preset             ; 0     ;
+----------------------------------------------+-------+


+--------------------------------------------------+
; Inverted Register Statistics                     ;
+----------------------------------------+---------+
; Inverted Register                      ; Fan out ;
+----------------------------------------+---------+
; random_number_generator:rand|lfsr[5]   ; 2       ;
; random_number_generator:rand|lfsr[3]   ; 2       ;
; random_number_generator:rand|lfsr[1]   ; 1       ;
; Total number of inverted registers = 3 ;         ;
+----------------------------------------+---------+


+------------------------------------------------------------------------------------------------------------------------------------------------------------------+
; Multiplexer Restructuring Statistics (Restructuring Performed)                                                                                                   ;
+--------------------+-----------+---------------+----------------------+------------------------+------------+----------------------------------------------------+
; Multiplexer Inputs ; Bus Width ; Baseline Area ; Area if Restructured ; Saving if Restructured ; Registered ; Example Multiplexer Output                         ;
+--------------------+-----------+---------------+----------------------+------------------------+------------+----------------------------------------------------+
; 3:1                ; 123 bits  ; 246 LEs       ; 123 LEs              ; 123 LEs                ; Yes        ; |simon_says|random_number_generator:rand|lfsr[122] ;
; 3:1                ; 10 bits   ; 20 LEs        ; 10 LEs               ; 10 LEs                 ; Yes        ; |simon_says|pixel_y[3]                             ;
; 4:1                ; 28 bits   ; 56 LEs        ; 28 LEs               ; 28 LEs                 ; Yes        ; |simon_says|timer[4]                               ;
; 3:1                ; 3 bits    ; 6 LEs         ; 3 LEs                ; 3 LEs                  ; Yes        ; |simon_says|random_number_generator:rand|lfsr[3]   ;
; 4:1                ; 2 bits    ; 4 LEs         ; 4 LEs                ; 0 LEs                  ; No         ; |simon_says|vga_R[7]                               ;
; 5:1                ; 2 bits    ; 6 LEs         ; 4 LEs                ; 2 LEs                  ; No         ; |simon_says|vga_B[6]                               ;
; 16:1               ; 3 bits    ; 30 LEs        ; 21 LEs               ; 9 LEs                  ; No         ; |simon_says|gameDisplay                            ;
; 7:1                ; 3 bits    ; 12 LEs        ; 6 LEs                ; 6 LEs                  ; No         ; |simon_says|winLosePlaying.010                     ;
+--------------------+-----------+---------------+----------------------+------------------------+------------+----------------------------------------------------+


+----------------------------------------------------------------------------+
; Parameter Settings for User Entity Instance: Top-level Entity: |simon_says ;
+-----------------+----------------------------------+-----------------------+
; Parameter Name  ; Value                            ; Type                  ;
+-----------------+----------------------------------+-----------------------+
; HA_END          ; 1001111111                       ; Unsigned Binary       ;
; HS_STA          ; 00000000000000000000001010001111 ; Unsigned Binary       ;
; HS_END          ; 00000000000000000000001011101111 ; Unsigned Binary       ;
; WIDTH           ; 1100011111                       ; Unsigned Binary       ;
; VA_END          ; 0111011111                       ; Unsigned Binary       ;
; VS_STA          ; 00000000000000000000000111101001 ; Unsigned Binary       ;
; VS_END          ; 00000000000000000000000111101011 ; Unsigned Binary       ;
; HEIGHT          ; 1000001100                       ; Unsigned Binary       ;
; START           ; 0000                             ; Unsigned Binary       ;
; INIT            ; 0001                             ; Unsigned Binary       ;
; FOR_COND_ROUNDS ; 0010                             ; Unsigned Binary       ;
; ROUND_BEGIN     ; 0011                             ; Unsigned Binary       ;
; FOR_COND_COUNT  ; 0100                             ; Unsigned Binary       ;
; DISPLAY         ; 0101                             ; Unsigned Binary       ;
; DELAY           ; 0110                             ; Unsigned Binary       ;
; DISPLAY_OFF     ; 0111                             ; Unsigned Binary       ;
; DELAY_OFF       ; 1000                             ; Unsigned Binary       ;
; GUESSING        ; 1001                             ; Unsigned Binary       ;
; FOR_COND_GUESS  ; 1010                             ; Unsigned Binary       ;
; MAKE_GUESS      ; 1011                             ; Unsigned Binary       ;
; GUESS_CHECK     ; 1100                             ; Unsigned Binary       ;
; COUNT_2_INCR    ; 1101                             ; Unsigned Binary       ;
; ROUND_INCR      ; 1110                             ; Unsigned Binary       ;
; RESET           ; 1111                             ; Unsigned Binary       ;
+-----------------+----------------------------------+-----------------------+
Note: In order to hide this table in the UI and the text report file, please set the "Show Parameter Settings in Synthesis Report" option in "Analysis and Synthesis Settings -> More Settings" to "Off".


+----------------------------------------------------------+
; Port Connectivity Checks: "random_number_generator:rand" ;
+---------------------+-------+----------+-----------------+
; Port                ; Type  ; Severity ; Details         ;
+---------------------+-------+----------+-----------------+
; random_seed[14..11] ; Input ; Info     ; Stuck at VCC    ;
; random_seed[5..2]   ; Input ; Info     ; Stuck at VCC    ;
; random_seed[8..6]   ; Input ; Info     ; Stuck at GND    ;
; random_seed[15]     ; Input ; Info     ; Stuck at GND    ;
; random_seed[10]     ; Input ; Info     ; Stuck at GND    ;
; random_seed[9]      ; Input ; Info     ; Stuck at VCC    ;
; random_seed[1]      ; Input ; Info     ; Stuck at GND    ;
; random_seed[0]      ; Input ; Info     ; Stuck at VCC    ;
+---------------------+-------+----------+-----------------+


+-----------------------------------------------------+
; Post-Synthesis Netlist Statistics for Top Partition ;
+-----------------------+-----------------------------+
; Type                  ; Count                       ;
+-----------------------+-----------------------------+
; boundary_port         ; 55                          ;
; cycloneiii_ff         ; 259                         ;
;     CLR               ; 28                          ;
;     ENA               ; 16                          ;
;     ENA CLR           ; 162                         ;
;     ENA CLR SLD       ; 4                           ;
;     ENA SCLR          ; 38                          ;
;     SCLR              ; 10                          ;
;     plain             ; 1                           ;
; cycloneiii_lcell_comb ; 393                         ;
;     arith             ; 45                          ;
;         2 data inputs ; 45                          ;
;     normal            ; 348                         ;
;         0 data inputs ; 1                           ;
;         1 data inputs ; 10                          ;
;         2 data inputs ; 151                         ;
;         3 data inputs ; 29                          ;
;         4 data inputs ; 157                         ;
;                       ;                             ;
; Max LUT depth         ; 10.00                       ;
; Average LUT depth     ; 2.93                        ;
+-----------------------+-----------------------------+


+-------------------------------+
; Elapsed Time Per Partition    ;
+----------------+--------------+
; Partition Name ; Elapsed Time ;
+----------------+--------------+
; Top            ; 00:00:01     ;
+----------------+--------------+


+-------------------------------+
; Analysis & Synthesis Messages ;
+-------------------------------+
Info: *******************************************************************
Info: Running Quartus Prime Analysis & Synthesis
    Info: Version 16.1.0 Build 196 10/24/2016 SJ Lite Edition
    Info: Processing started: Fri Dec 15 12:56:34 2023
Info: Command: quartus_map --read_settings_files=on --write_settings_files=off simon_says -c simon_says
Warning (18236): Number of processors has not been specified which may cause overloading on shared machines.  Set the global assignment NUM_PARALLEL_PROCESSORS in your QSF to an appropriate value for best performance.
Info (20030): Parallel compilation is enabled and will use 4 of the 4 processors detected
Warning (10463): Verilog HDL Declaration warning at simon_says.v(25): "rand" is SystemVerilog-2005 keyword File: M:/ECE 287/Final Project/finalized/simon_says/simon_says.v Line: 25
Info (12021): Found 1 design units, including 1 entities, in source file simon_says.v
    Info (12023): Found entity 1: simon_says File: M:/ECE 287/Final Project/finalized/simon_says/simon_says.v Line: 1
Info (12021): Found 1 design units, including 1 entities, in source file random_number_generator.v
    Info (12023): Found entity 1: random_number_generator File: M:/ECE 287/Final Project/finalized/simon_says/random_number_generator.v Line: 1
Info (12021): Found 1 design units, including 1 entities, in source file seven_segment.v
    Info (12023): Found entity 1: seven_segment File: M:/ECE 287/Final Project/finalized/simon_says/seven_segment.v Line: 1
Info (12127): Elaborating entity "simon_says" for the top level hierarchy
Info (10264): Verilog HDL Case Statement information at simon_says.v(227): all case item expressions in this case statement are onehot File: M:/ECE 287/Final Project/finalized/simon_says/simon_says.v Line: 227
Warning (10240): Verilog HDL Always Construct warning at simon_says.v(381): inferring latch(es) for variable "vga_R", which holds its previous value in one or more paths through the always construct File: M:/ECE 287/Final Project/finalized/simon_says/simon_says.v Line: 381
Warning (10240): Verilog HDL Always Construct warning at simon_says.v(381): inferring latch(es) for variable "vga_B", which holds its previous value in one or more paths through the always construct File: M:/ECE 287/Final Project/finalized/simon_says/simon_says.v Line: 381
Warning (10240): Verilog HDL Always Construct warning at simon_says.v(381): inferring latch(es) for variable "vga_G", which holds its previous value in one or more paths through the always construct File: M:/ECE 287/Final Project/finalized/simon_says/simon_says.v Line: 381
Info (10041): Inferred latch for "vga_G[0]" at simon_says.v(387) File: M:/ECE 287/Final Project/finalized/simon_says/simon_says.v Line: 387
Info (10041): Inferred latch for "vga_G[1]" at simon_says.v(387) File: M:/ECE 287/Final Project/finalized/simon_says/simon_says.v Line: 387
Info (10041): Inferred latch for "vga_G[2]" at simon_says.v(387) File: M:/ECE 287/Final Project/finalized/simon_says/simon_says.v Line: 387
Info (10041): Inferred latch for "vga_G[3]" at simon_says.v(387) File: M:/ECE 287/Final Project/finalized/simon_says/simon_says.v Line: 387
Info (10041): Inferred latch for "vga_G[4]" at simon_says.v(387) File: M:/ECE 287/Final Project/finalized/simon_says/simon_says.v Line: 387
Info (10041): Inferred latch for "vga_G[5]" at simon_says.v(387) File: M:/ECE 287/Final Project/finalized/simon_says/simon_says.v Line: 387
Info (10041): Inferred latch for "vga_G[6]" at simon_says.v(387) File: M:/ECE 287/Final Project/finalized/simon_says/simon_says.v Line: 387
Info (10041): Inferred latch for "vga_G[7]" at simon_says.v(387) File: M:/ECE 287/Final Project/finalized/simon_says/simon_says.v Line: 387
Info (10041): Inferred latch for "vga_B[0]" at simon_says.v(387) File: M:/ECE 287/Final Project/finalized/simon_says/simon_says.v Line: 387
Info (10041): Inferred latch for "vga_B[1]" at simon_says.v(387) File: M:/ECE 287/Final Project/finalized/simon_says/simon_says.v Line: 387
Info (10041): Inferred latch for "vga_B[2]" at simon_says.v(387) File: M:/ECE 287/Final Project/finalized/simon_says/simon_says.v Line: 387
Info (10041): Inferred latch for "vga_B[3]" at simon_says.v(387) File: M:/ECE 287/Final Project/finalized/simon_says/simon_says.v Line: 387
Info (10041): Inferred latch for "vga_B[4]" at simon_says.v(387) File: M:/ECE 287/Final Project/finalized/simon_says/simon_says.v Line: 387
Info (10041): Inferred latch for "vga_B[5]" at simon_says.v(387) File: M:/ECE 287/Final Project/finalized/simon_says/simon_says.v Line: 387
Info (10041): Inferred latch for "vga_B[6]" at simon_says.v(387) File: M:/ECE 287/Final Project/finalized/simon_says/simon_says.v Line: 387
Info (10041): Inferred latch for "vga_B[7]" at simon_says.v(387) File: M:/ECE 287/Final Project/finalized/simon_says/simon_says.v Line: 387
Info (10041): Inferred latch for "vga_R[0]" at simon_says.v(387) File: M:/ECE 287/Final Project/finalized/simon_says/simon_says.v Line: 387
Info (10041): Inferred latch for "vga_R[1]" at simon_says.v(387) File: M:/ECE 287/Final Project/finalized/simon_says/simon_says.v Line: 387
Info (10041): Inferred latch for "vga_R[2]" at simon_says.v(387) File: M:/ECE 287/Final Project/finalized/simon_says/simon_says.v Line: 387
Info (10041): Inferred latch for "vga_R[3]" at simon_says.v(387) File: M:/ECE 287/Final Project/finalized/simon_says/simon_says.v Line: 387
Info (10041): Inferred latch for "vga_R[4]" at simon_says.v(387) File: M:/ECE 287/Final Project/finalized/simon_says/simon_says.v Line: 387
Info (10041): Inferred latch for "vga_R[5]" at simon_says.v(387) File: M:/ECE 287/Final Project/finalized/simon_says/simon_says.v Line: 387
Info (10041): Inferred latch for "vga_R[6]" at simon_says.v(387) File: M:/ECE 287/Final Project/finalized/simon_says/simon_says.v Line: 387
Info (10041): Inferred latch for "vga_R[7]" at simon_says.v(387) File: M:/ECE 287/Final Project/finalized/simon_says/simon_says.v Line: 387
Info (12128): Elaborating entity "random_number_generator" for hierarchy "random_number_generator:rand" File: M:/ECE 287/Final Project/finalized/simon_says/simon_says.v Line: 25
Info (12128): Elaborating entity "seven_segment" for hierarchy "seven_segment:segmentDisplay" File: M:/ECE 287/Final Project/finalized/simon_says/simon_says.v Line: 27
Info (13000): Registers with preset signals will power-up high File: M:/ECE 287/Final Project/finalized/simon_says/random_number_generator.v Line: 28
Info (13003): DEV_CLRn pin will set, and not reset, register with preset signal due to NOT Gate Push-Back
Warning (13024): Output pins are stuck at VCC or GND
    Warning (13410): Pin "vga_sync" is stuck at VCC File: M:/ECE 287/Final Project/finalized/simon_says/simon_says.v Line: 17
Info (286030): Timing-Driven Synthesis is running
Info (17049): 6 registers lost all their fanouts during netlist optimizations.
Info (144001): Generated suppressed messages file M:/ECE 287/Final Project/finalized/simon_says/output_files/simon_says.map.smsg
Info (16010): Generating hard_block partition "hard_block:auto_generated_inst"
    Info (16011): Adding 0 node(s), including 0 DDIO, 0 PLL, 0 transceiver and 0 LCELL
Info (21057): Implemented 492 device resources after synthesis - the final resource count might be different
    Info (21058): Implemented 11 input pins
    Info (21059): Implemented 44 output pins
    Info (21061): Implemented 437 logic cells
Info: Quartus Prime Analysis & Synthesis was successful. 0 errors, 7 warnings
    Info: Peak virtual memory: 4780 megabytes
    Info: Processing ended: Fri Dec 15 12:56:47 2023
    Info: Elapsed time: 00:00:13
    Info: Total CPU time (on all processors): 00:00:24


+------------------------------------------+
; Analysis & Synthesis Suppressed Messages ;
+------------------------------------------+
The suppressed messages can be found in M:/ECE 287/Final Project/finalized/simon_says/output_files/simon_says.map.smsg.


